Performing C SOURCE FILE Test C_SUPPORTS_WERROR_UNGUARDED_AVAILABILITY_NEW failed with the following output:
Change Dir: /home/pnguyen/code/one_off_code/mlir/llvm-project/mlir/examples/paul/build/CMakeFiles/CMakeTmp

Run Build Command(s):/home/pnguyen/miniconda3/envs/mlir/bin/ninja cmTC_8444a && [1/2] Building C object CMakeFiles/cmTC_8444a.dir/src.c.o
FAILED: CMakeFiles/cmTC_8444a.dir/src.c.o 
/usr/bin/cc   -fPIC -Werror=date-time -DC_SUPPORTS_WERROR_UNGUARDED_AVAILABILITY_NEW   -Werror -Werror=unguarded-availability-new -o CMakeFiles/cmTC_8444a.dir/src.c.o -c src.c
cc1: error: -Werror=unguarded-availability-new: no option -Wunguarded-availability-new
ninja: build stopped: subcommand failed.


Source file was:
int main(void) { return 0; }
Performing C++ SOURCE FILE Test CXX_SUPPORTS_WERROR_UNGUARDED_AVAILABILITY_NEW failed with the following output:
Change Dir: /home/pnguyen/code/one_off_code/mlir/llvm-project/mlir/examples/paul/build/CMakeFiles/CMakeTmp

Run Build Command(s):/home/pnguyen/miniconda3/envs/mlir/bin/ninja cmTC_3ad6f && [1/2] Building CXX object CMakeFiles/cmTC_3ad6f.dir/src.cxx.o
FAILED: CMakeFiles/cmTC_3ad6f.dir/src.cxx.o 
/usr/bin/c++   -fPIC -fvisibility-inlines-hidden -Werror=date-time -DCXX_SUPPORTS_WERROR_UNGUARDED_AVAILABILITY_NEW   -Werror -Werror=unguarded-availability-new -std=gnu++14 -o CMakeFiles/cmTC_3ad6f.dir/src.cxx.o -c src.cxx
cc1plus: error: -Werror=unguarded-availability-new: no option -Wunguarded-availability-new
ninja: build stopped: subcommand failed.


Source file was:
int main() { return 0; }
Performing C SOURCE FILE Test C_SUPPORTS_COVERED_SWITCH_DEFAULT_FLAG failed with the following output:
Change Dir: /home/pnguyen/code/one_off_code/mlir/llvm-project/mlir/examples/paul/build/CMakeFiles/CMakeTmp

Run Build Command(s):/home/pnguyen/miniconda3/envs/mlir/bin/ninja cmTC_8a00c && [1/2] Building C object CMakeFiles/cmTC_8a00c.dir/src.c.o
FAILED: CMakeFiles/cmTC_8a00c.dir/src.c.o 
/usr/bin/cc   -fPIC -Werror=date-time -Wall -Wextra -Wno-unused-parameter -Wwrite-strings -Wno-missing-field-initializers -Wimplicit-fallthrough -DC_SUPPORTS_COVERED_SWITCH_DEFAULT_FLAG   -Werror -Wcovered-switch-default -o CMakeFiles/cmTC_8a00c.dir/src.c.o -c src.c
cc: error: unrecognized command line option '-Wcovered-switch-default'; did you mean '-Wno-switch-default'?
ninja: build stopped: subcommand failed.


Source file was:
int main(void) { return 0; }
Performing C++ SOURCE FILE Test CXX_SUPPORTS_COVERED_SWITCH_DEFAULT_FLAG failed with the following output:
Change Dir: /home/pnguyen/code/one_off_code/mlir/llvm-project/mlir/examples/paul/build/CMakeFiles/CMakeTmp

Run Build Command(s):/home/pnguyen/miniconda3/envs/mlir/bin/ninja cmTC_a952b && [1/2] Building CXX object CMakeFiles/cmTC_a952b.dir/src.cxx.o
FAILED: CMakeFiles/cmTC_a952b.dir/src.cxx.o 
/usr/bin/c++   -fPIC -fvisibility-inlines-hidden -Werror=date-time -Wall -Wextra -Wno-unused-parameter -Wwrite-strings -Wcast-qual -Wno-missing-field-initializers -Wimplicit-fallthrough -DCXX_SUPPORTS_COVERED_SWITCH_DEFAULT_FLAG   -Werror -Wcovered-switch-default -std=gnu++14 -o CMakeFiles/cmTC_a952b.dir/src.cxx.o -c src.cxx
c++: error: unrecognized command line option '-Wcovered-switch-default'; did you mean '-Wno-switch-default'?
ninja: build stopped: subcommand failed.


Source file was:
int main() { return 0; }
Performing C++ SOURCE FILE Test CXX_SUPPORTS_CLASS_MEMACCESS_FLAG failed with the following output:
Change Dir: /home/pnguyen/code/one_off_code/mlir/llvm-project/mlir/examples/paul/build/CMakeFiles/CMakeTmp

Run Build Command(s):/home/pnguyen/miniconda3/envs/mlir/bin/ninja cmTC_d5582 && [1/2] Building CXX object CMakeFiles/cmTC_d5582.dir/src.cxx.o
FAILED: CMakeFiles/cmTC_d5582.dir/src.cxx.o 
/usr/bin/c++   -fPIC -fvisibility-inlines-hidden -Werror=date-time -Wall -Wextra -Wno-unused-parameter -Wwrite-strings -Wcast-qual -Wno-missing-field-initializers -Wimplicit-fallthrough -DCXX_SUPPORTS_CLASS_MEMACCESS_FLAG   -Wclass-memaccess -std=gnu++14 -o CMakeFiles/cmTC_d5582.dir/src.cxx.o -c src.cxx
c++: error: unrecognized command line option '-Wclass-memaccess'
ninja: build stopped: subcommand failed.


Source file was:
int main() { return 0; }
Performing C++ SOURCE FILE Test CXX_SUPPORTS_REDUNDANT_MOVE_FLAG failed with the following output:
Change Dir: /home/pnguyen/code/one_off_code/mlir/llvm-project/mlir/examples/paul/build/CMakeFiles/CMakeTmp

Run Build Command(s):/home/pnguyen/miniconda3/envs/mlir/bin/ninja cmTC_6c8b5 && [1/2] Building CXX object CMakeFiles/cmTC_6c8b5.dir/src.cxx.o
FAILED: CMakeFiles/cmTC_6c8b5.dir/src.cxx.o 
/usr/bin/c++   -fPIC -fvisibility-inlines-hidden -Werror=date-time -Wall -Wextra -Wno-unused-parameter -Wwrite-strings -Wcast-qual -Wno-missing-field-initializers -Wimplicit-fallthrough -DCXX_SUPPORTS_REDUNDANT_MOVE_FLAG   -Wredundant-move -std=gnu++14 -o CMakeFiles/cmTC_6c8b5.dir/src.cxx.o -c src.cxx
c++: error: unrecognized command line option '-Wredundant-move'; did you mean '-Wredundant-decls'?
ninja: build stopped: subcommand failed.


Source file was:
int main() { return 0; }
Performing C SOURCE FILE Test C_SUPPORTS_DELETE_NON_VIRTUAL_DTOR_FLAG failed with the following output:
Change Dir: /home/pnguyen/code/one_off_code/mlir/llvm-project/mlir/examples/paul/build/CMakeFiles/CMakeTmp

Run Build Command(s):/home/pnguyen/miniconda3/envs/mlir/bin/ninja cmTC_f446b && [1/2] Building C object CMakeFiles/cmTC_f446b.dir/src.c.o
FAILED: CMakeFiles/cmTC_f446b.dir/src.c.o 
/usr/bin/cc   -fPIC -Werror=date-time -Wall -Wextra -Wno-unused-parameter -Wwrite-strings -Wno-missing-field-initializers -Wimplicit-fallthrough -DC_SUPPORTS_DELETE_NON_VIRTUAL_DTOR_FLAG   -Werror -Wdelete-non-virtual-dtor -o CMakeFiles/cmTC_f446b.dir/src.c.o -c src.c
cc1: error: command line option '-Wdelete-non-virtual-dtor' is valid for C++/ObjC++ but not for C [-Werror]
cc1: all warnings being treated as errors
ninja: build stopped: subcommand failed.


Source file was:
int main(void) { return 0; }
Performing C++ SOURCE FILE Test CXX_WSUGGEST_OVERRIDE_ALLOWS_ONLY_FINAL failed with the following output:
Change Dir: /home/pnguyen/code/one_off_code/mlir/llvm-project/mlir/examples/paul/build/CMakeFiles/CMakeTmp

Run Build Command(s):/home/pnguyen/miniconda3/envs/mlir/bin/ninja cmTC_10e26 && [1/2] Building CXX object CMakeFiles/cmTC_10e26.dir/src.cxx.o
FAILED: CMakeFiles/cmTC_10e26.dir/src.cxx.o 
/usr/bin/c++   -fPIC -fvisibility-inlines-hidden -Werror=date-time -Wall -Wextra -Wno-unused-parameter -Wwrite-strings -Wcast-qual -Wno-missing-field-initializers -Wimplicit-fallthrough -Wno-noexcept-type -Wdelete-non-virtual-dtor -DCXX_WSUGGEST_OVERRIDE_ALLOWS_ONLY_FINAL  -Werror=suggest-override -std=gnu++14 -o CMakeFiles/cmTC_10e26.dir/src.cxx.o -c src.cxx
src.cxx:2:67: error: ‘virtual void derived::anchor()’ can be marked override [-Werror=suggest-override]
                                class derived : base {public: void anchor() final;};
                                                                   ^~~~~~
cc1plus: some warnings being treated as errors
ninja: build stopped: subcommand failed.


Source file was:
class base {public: virtual void anchor();};
                               class derived : base {public: void anchor() final;};
                               int main() { return 0; }
Performing C SOURCE FILE Test C_WCOMMENT_ALLOWS_LINE_WRAP failed with the following output:
Change Dir: /home/pnguyen/code/one_off_code/mlir/llvm-project/mlir/examples/paul/build/CMakeFiles/CMakeTmp

Run Build Command(s):/home/pnguyen/miniconda3/envs/mlir/bin/ninja cmTC_93f3d && [1/2] Building C object CMakeFiles/cmTC_93f3d.dir/src.c.o
FAILED: CMakeFiles/cmTC_93f3d.dir/src.c.o 
/usr/bin/cc   -fPIC -Werror=date-time -Wall -Wextra -Wno-unused-parameter -Wwrite-strings -Wno-missing-field-initializers -Wimplicit-fallthrough -DC_WCOMMENT_ALLOWS_LINE_WRAP  -Werror -Wcomment -o CMakeFiles/cmTC_93f3d.dir/src.c.o -c src.c
src.c:1:1: error: multi-line comment [-Werror=comment]
 // \
 ^
cc1: all warnings being treated as errors
ninja: build stopped: subcommand failed.


Source file was:
// \
//
int main() {return 0;}
Performing C SOURCE FILE Test C_SUPPORTS_STRING_CONVERSION_FLAG failed with the following output:
Change Dir: /home/pnguyen/code/one_off_code/mlir/llvm-project/mlir/examples/paul/build/CMakeFiles/CMakeTmp

Run Build Command(s):/home/pnguyen/miniconda3/envs/mlir/bin/ninja cmTC_c9336 && [1/2] Building C object CMakeFiles/cmTC_c9336.dir/src.c.o
FAILED: CMakeFiles/cmTC_c9336.dir/src.c.o 
/usr/bin/cc   -fPIC -Werror=date-time -Wall -Wextra -Wno-unused-parameter -Wwrite-strings -Wno-missing-field-initializers -Wimplicit-fallthrough -Wno-comment -DC_SUPPORTS_STRING_CONVERSION_FLAG   -Werror -Wstring-conversion -o CMakeFiles/cmTC_c9336.dir/src.c.o -c src.c
cc: error: unrecognized command line option '-Wstring-conversion'; did you mean '-Wint-conversion'?
ninja: build stopped: subcommand failed.


Source file was:
int main(void) { return 0; }
Performing C++ SOURCE FILE Test CXX_SUPPORTS_STRING_CONVERSION_FLAG failed with the following output:
Change Dir: /home/pnguyen/code/one_off_code/mlir/llvm-project/mlir/examples/paul/build/CMakeFiles/CMakeTmp

Run Build Command(s):/home/pnguyen/miniconda3/envs/mlir/bin/ninja cmTC_ea9d7 && [1/2] Building CXX object CMakeFiles/cmTC_ea9d7.dir/src.cxx.o
FAILED: CMakeFiles/cmTC_ea9d7.dir/src.cxx.o 
/usr/bin/c++   -fPIC -fvisibility-inlines-hidden -Werror=date-time -Wall -Wextra -Wno-unused-parameter -Wwrite-strings -Wcast-qual -Wno-missing-field-initializers -Wimplicit-fallthrough -Wno-noexcept-type -Wdelete-non-virtual-dtor -Wno-comment -DCXX_SUPPORTS_STRING_CONVERSION_FLAG   -Werror -Wstring-conversion -std=gnu++14 -o CMakeFiles/cmTC_ea9d7.dir/src.cxx.o -c src.cxx
c++: error: unrecognized command line option '-Wstring-conversion'; did you mean '-Wint-conversion'?
ninja: build stopped: subcommand failed.


Source file was:
int main() { return 0; }
Performing C++ SOURCE FILE Test LINKER_SUPPORTS_COLOR_DIAGNOSTICS failed with the following output:
Change Dir: /home/pnguyen/code/one_off_code/mlir/llvm-project/mlir/examples/paul/build/CMakeFiles/CMakeTmp

Run Build Command(s):/home/pnguyen/miniconda3/envs/mlir/bin/ninja cmTC_4b32f && [1/2] Building CXX object CMakeFiles/cmTC_4b32f.dir/src.cxx.o
[2/2] Linking CXX executable cmTC_4b32f
FAILED: cmTC_4b32f 
: && /usr/bin/c++ -fPIC -fvisibility-inlines-hidden -Werror=date-time -Wall -Wextra -Wno-unused-parameter -Wwrite-strings -Wcast-qual -Wno-missing-field-initializers -Wimplicit-fallthrough -Wno-noexcept-type -Wdelete-non-virtual-dtor -Wno-comment -fdiagnostics-color -DLINKER_SUPPORTS_COLOR_DIAGNOSTICS -Wl,--color-diagnostics CMakeFiles/cmTC_4b32f.dir/src.cxx.o -o cmTC_4b32f   && :
/usr/bin/ld: unrecognized option '--color-diagnostics'
/usr/bin/ld: use the --help option for usage information
collect2: error: ld returned 1 exit status
ninja: build stopped: subcommand failed.


Source file was:
int main() { return 0; }
Determining if the os_signpost_interval_begin exist failed with the following output:
Change Dir: /home/pnguyen/code/one_off_code/mlir/llvm-project/mlir/examples/paul/build/CMakeFiles/CMakeTmp

Run Build Command(s):/home/pnguyen/miniconda3/envs/mlir/bin/ninja cmTC_d37a2 && [1/2] Building C object CMakeFiles/cmTC_d37a2.dir/CheckSymbolExists.c.o
FAILED: CMakeFiles/cmTC_d37a2.dir/CheckSymbolExists.c.o 
/usr/bin/cc   -fPIC -Werror=date-time -Wall -Wextra -Wno-unused-parameter -Wwrite-strings -Wno-missing-field-initializers -Wimplicit-fallthrough -Wno-comment -fdiagnostics-color -ffunction-sections -fdata-sections -o CMakeFiles/cmTC_d37a2.dir/CheckSymbolExists.c.o -c CheckSymbolExists.c
CheckSymbolExists.c:2:10: fatal error: os/signpost.h: No such file or directory
 #include <os/signpost.h>
          ^~~~~~~~~~~~~~~
compilation terminated.
ninja: build stopped: subcommand failed.


File /home/pnguyen/code/one_off_code/mlir/llvm-project/mlir/examples/paul/build/CMakeFiles/CMakeTmp/CheckSymbolExists.c:
/* */
#include <os/signpost.h>

int main(int argc, char** argv)
{
  (void)argv;
#ifndef os_signpost_interval_begin
  return ((int*)(&os_signpost_interval_begin))[argc];
#else
  (void)argc;
  return 0;
#endif
}
Performing C SOURCE FILE Test C_SUPPORTS_WERROR_UNGUARDED_AVAILABILITY_NEW failed with the following output:
Change Dir: /home/pnguyen/code/one_off_code/mlir/llvm-project/mlir/examples/paul/build/CMakeFiles/CMakeTmp

Run Build Command(s):/home/pnguyen/miniconda3/envs/mlir/bin/ninja cmTC_99e80 && [1/2] Building C object CMakeFiles/cmTC_99e80.dir/src.c.o
FAILED: CMakeFiles/cmTC_99e80.dir/src.c.o 
/usr/bin/cc   -fPIC -Werror=date-time -DC_SUPPORTS_WERROR_UNGUARDED_AVAILABILITY_NEW   -Werror -Werror=unguarded-availability-new -o CMakeFiles/cmTC_99e80.dir/src.c.o -c src.c
cc1: error: -Werror=unguarded-availability-new: no option -Wunguarded-availability-new
ninja: build stopped: subcommand failed.


Source file was:
int main(void) { return 0; }
Performing C++ SOURCE FILE Test CXX_SUPPORTS_WERROR_UNGUARDED_AVAILABILITY_NEW failed with the following output:
Change Dir: /home/pnguyen/code/one_off_code/mlir/llvm-project/mlir/examples/paul/build/CMakeFiles/CMakeTmp

Run Build Command(s):/home/pnguyen/miniconda3/envs/mlir/bin/ninja cmTC_e9b82 && [1/2] Building CXX object CMakeFiles/cmTC_e9b82.dir/src.cxx.o
FAILED: CMakeFiles/cmTC_e9b82.dir/src.cxx.o 
/usr/bin/c++   -fPIC -fvisibility-inlines-hidden -Werror=date-time -DCXX_SUPPORTS_WERROR_UNGUARDED_AVAILABILITY_NEW   -Werror -Werror=unguarded-availability-new -std=gnu++14 -o CMakeFiles/cmTC_e9b82.dir/src.cxx.o -c src.cxx
cc1plus: error: -Werror=unguarded-availability-new: no option -Wunguarded-availability-new
ninja: build stopped: subcommand failed.


Source file was:
int main() { return 0; }
Performing C SOURCE FILE Test C_SUPPORTS_COVERED_SWITCH_DEFAULT_FLAG failed with the following output:
Change Dir: /home/pnguyen/code/one_off_code/mlir/llvm-project/mlir/examples/paul/build/CMakeFiles/CMakeTmp

Run Build Command(s):/home/pnguyen/miniconda3/envs/mlir/bin/ninja cmTC_19acc && [1/2] Building C object CMakeFiles/cmTC_19acc.dir/src.c.o
FAILED: CMakeFiles/cmTC_19acc.dir/src.c.o 
/usr/bin/cc   -fPIC -Werror=date-time -Wall -Wextra -Wno-unused-parameter -Wwrite-strings -Wno-missing-field-initializers -Wimplicit-fallthrough -DC_SUPPORTS_COVERED_SWITCH_DEFAULT_FLAG   -Werror -Wcovered-switch-default -o CMakeFiles/cmTC_19acc.dir/src.c.o -c src.c
cc: error: unrecognized command line option '-Wcovered-switch-default'; did you mean '-Wno-switch-default'?
ninja: build stopped: subcommand failed.


Source file was:
int main(void) { return 0; }
Performing C++ SOURCE FILE Test CXX_SUPPORTS_COVERED_SWITCH_DEFAULT_FLAG failed with the following output:
Change Dir: /home/pnguyen/code/one_off_code/mlir/llvm-project/mlir/examples/paul/build/CMakeFiles/CMakeTmp

Run Build Command(s):/home/pnguyen/miniconda3/envs/mlir/bin/ninja cmTC_3b007 && [1/2] Building CXX object CMakeFiles/cmTC_3b007.dir/src.cxx.o
FAILED: CMakeFiles/cmTC_3b007.dir/src.cxx.o 
/usr/bin/c++   -fPIC -fvisibility-inlines-hidden -Werror=date-time -Wall -Wextra -Wno-unused-parameter -Wwrite-strings -Wcast-qual -Wno-missing-field-initializers -Wimplicit-fallthrough -DCXX_SUPPORTS_COVERED_SWITCH_DEFAULT_FLAG   -Werror -Wcovered-switch-default -std=gnu++14 -o CMakeFiles/cmTC_3b007.dir/src.cxx.o -c src.cxx
c++: error: unrecognized command line option '-Wcovered-switch-default'; did you mean '-Wno-switch-default'?
ninja: build stopped: subcommand failed.


Source file was:
int main() { return 0; }
Performing C++ SOURCE FILE Test CXX_SUPPORTS_CLASS_MEMACCESS_FLAG failed with the following output:
Change Dir: /home/pnguyen/code/one_off_code/mlir/llvm-project/mlir/examples/paul/build/CMakeFiles/CMakeTmp

Run Build Command(s):/home/pnguyen/miniconda3/envs/mlir/bin/ninja cmTC_d20e7 && [1/2] Building CXX object CMakeFiles/cmTC_d20e7.dir/src.cxx.o
FAILED: CMakeFiles/cmTC_d20e7.dir/src.cxx.o 
/usr/bin/c++   -fPIC -fvisibility-inlines-hidden -Werror=date-time -Wall -Wextra -Wno-unused-parameter -Wwrite-strings -Wcast-qual -Wno-missing-field-initializers -Wimplicit-fallthrough -DCXX_SUPPORTS_CLASS_MEMACCESS_FLAG   -Wclass-memaccess -std=gnu++14 -o CMakeFiles/cmTC_d20e7.dir/src.cxx.o -c src.cxx
c++: error: unrecognized command line option '-Wclass-memaccess'
ninja: build stopped: subcommand failed.


Source file was:
int main() { return 0; }
Performing C++ SOURCE FILE Test CXX_SUPPORTS_REDUNDANT_MOVE_FLAG failed with the following output:
Change Dir: /home/pnguyen/code/one_off_code/mlir/llvm-project/mlir/examples/paul/build/CMakeFiles/CMakeTmp

Run Build Command(s):/home/pnguyen/miniconda3/envs/mlir/bin/ninja cmTC_490c4 && [1/2] Building CXX object CMakeFiles/cmTC_490c4.dir/src.cxx.o
FAILED: CMakeFiles/cmTC_490c4.dir/src.cxx.o 
/usr/bin/c++   -fPIC -fvisibility-inlines-hidden -Werror=date-time -Wall -Wextra -Wno-unused-parameter -Wwrite-strings -Wcast-qual -Wno-missing-field-initializers -Wimplicit-fallthrough -DCXX_SUPPORTS_REDUNDANT_MOVE_FLAG   -Wredundant-move -std=gnu++14 -o CMakeFiles/cmTC_490c4.dir/src.cxx.o -c src.cxx
c++: error: unrecognized command line option '-Wredundant-move'; did you mean '-Wredundant-decls'?
ninja: build stopped: subcommand failed.


Source file was:
int main() { return 0; }
Performing C SOURCE FILE Test C_SUPPORTS_DELETE_NON_VIRTUAL_DTOR_FLAG failed with the following output:
Change Dir: /home/pnguyen/code/one_off_code/mlir/llvm-project/mlir/examples/paul/build/CMakeFiles/CMakeTmp

Run Build Command(s):/home/pnguyen/miniconda3/envs/mlir/bin/ninja cmTC_e3318 && [1/2] Building C object CMakeFiles/cmTC_e3318.dir/src.c.o
FAILED: CMakeFiles/cmTC_e3318.dir/src.c.o 
/usr/bin/cc   -fPIC -Werror=date-time -Wall -Wextra -Wno-unused-parameter -Wwrite-strings -Wno-missing-field-initializers -Wimplicit-fallthrough -DC_SUPPORTS_DELETE_NON_VIRTUAL_DTOR_FLAG   -Werror -Wdelete-non-virtual-dtor -o CMakeFiles/cmTC_e3318.dir/src.c.o -c src.c
cc1: error: command line option '-Wdelete-non-virtual-dtor' is valid for C++/ObjC++ but not for C [-Werror]
cc1: all warnings being treated as errors
ninja: build stopped: subcommand failed.


Source file was:
int main(void) { return 0; }
Performing C++ SOURCE FILE Test CXX_WSUGGEST_OVERRIDE_ALLOWS_ONLY_FINAL failed with the following output:
Change Dir: /home/pnguyen/code/one_off_code/mlir/llvm-project/mlir/examples/paul/build/CMakeFiles/CMakeTmp

Run Build Command(s):/home/pnguyen/miniconda3/envs/mlir/bin/ninja cmTC_2789e && [1/2] Building CXX object CMakeFiles/cmTC_2789e.dir/src.cxx.o
FAILED: CMakeFiles/cmTC_2789e.dir/src.cxx.o 
/usr/bin/c++   -fPIC -fvisibility-inlines-hidden -Werror=date-time -Wall -Wextra -Wno-unused-parameter -Wwrite-strings -Wcast-qual -Wno-missing-field-initializers -Wimplicit-fallthrough -Wno-noexcept-type -Wdelete-non-virtual-dtor -DCXX_WSUGGEST_OVERRIDE_ALLOWS_ONLY_FINAL  -Werror=suggest-override -std=gnu++14 -o CMakeFiles/cmTC_2789e.dir/src.cxx.o -c src.cxx
src.cxx:2:67: error: ‘virtual void derived::anchor()’ can be marked override [-Werror=suggest-override]
                                class derived : base {public: void anchor() final;};
                                                                   ^~~~~~
cc1plus: some warnings being treated as errors
ninja: build stopped: subcommand failed.


Source file was:
class base {public: virtual void anchor();};
                               class derived : base {public: void anchor() final;};
                               int main() { return 0; }
Performing C SOURCE FILE Test C_WCOMMENT_ALLOWS_LINE_WRAP failed with the following output:
Change Dir: /home/pnguyen/code/one_off_code/mlir/llvm-project/mlir/examples/paul/build/CMakeFiles/CMakeTmp

Run Build Command(s):/home/pnguyen/miniconda3/envs/mlir/bin/ninja cmTC_5c6f7 && [1/2] Building C object CMakeFiles/cmTC_5c6f7.dir/src.c.o
FAILED: CMakeFiles/cmTC_5c6f7.dir/src.c.o 
/usr/bin/cc   -fPIC -Werror=date-time -Wall -Wextra -Wno-unused-parameter -Wwrite-strings -Wno-missing-field-initializers -Wimplicit-fallthrough -DC_WCOMMENT_ALLOWS_LINE_WRAP  -Werror -Wcomment -o CMakeFiles/cmTC_5c6f7.dir/src.c.o -c src.c
src.c:1:1: error: multi-line comment [-Werror=comment]
 // \
 ^
cc1: all warnings being treated as errors
ninja: build stopped: subcommand failed.


Source file was:
// \
//
int main() {return 0;}
Performing C SOURCE FILE Test C_SUPPORTS_STRING_CONVERSION_FLAG failed with the following output:
Change Dir: /home/pnguyen/code/one_off_code/mlir/llvm-project/mlir/examples/paul/build/CMakeFiles/CMakeTmp

Run Build Command(s):/home/pnguyen/miniconda3/envs/mlir/bin/ninja cmTC_dd360 && [1/2] Building C object CMakeFiles/cmTC_dd360.dir/src.c.o
FAILED: CMakeFiles/cmTC_dd360.dir/src.c.o 
/usr/bin/cc   -fPIC -Werror=date-time -Wall -Wextra -Wno-unused-parameter -Wwrite-strings -Wno-missing-field-initializers -Wimplicit-fallthrough -Wno-comment -DC_SUPPORTS_STRING_CONVERSION_FLAG   -Werror -Wstring-conversion -o CMakeFiles/cmTC_dd360.dir/src.c.o -c src.c
cc: error: unrecognized command line option '-Wstring-conversion'; did you mean '-Wint-conversion'?
ninja: build stopped: subcommand failed.


Source file was:
int main(void) { return 0; }
Performing C++ SOURCE FILE Test CXX_SUPPORTS_STRING_CONVERSION_FLAG failed with the following output:
Change Dir: /home/pnguyen/code/one_off_code/mlir/llvm-project/mlir/examples/paul/build/CMakeFiles/CMakeTmp

Run Build Command(s):/home/pnguyen/miniconda3/envs/mlir/bin/ninja cmTC_921c5 && [1/2] Building CXX object CMakeFiles/cmTC_921c5.dir/src.cxx.o
FAILED: CMakeFiles/cmTC_921c5.dir/src.cxx.o 
/usr/bin/c++   -fPIC -fvisibility-inlines-hidden -Werror=date-time -Wall -Wextra -Wno-unused-parameter -Wwrite-strings -Wcast-qual -Wno-missing-field-initializers -Wimplicit-fallthrough -Wno-noexcept-type -Wdelete-non-virtual-dtor -Wno-comment -DCXX_SUPPORTS_STRING_CONVERSION_FLAG   -Werror -Wstring-conversion -std=gnu++14 -o CMakeFiles/cmTC_921c5.dir/src.cxx.o -c src.cxx
c++: error: unrecognized command line option '-Wstring-conversion'; did you mean '-Wint-conversion'?
ninja: build stopped: subcommand failed.


Source file was:
int main() { return 0; }
Performing C++ SOURCE FILE Test LINKER_SUPPORTS_COLOR_DIAGNOSTICS failed with the following output:
Change Dir: /home/pnguyen/code/one_off_code/mlir/llvm-project/mlir/examples/paul/build/CMakeFiles/CMakeTmp

Run Build Command(s):/home/pnguyen/miniconda3/envs/mlir/bin/ninja cmTC_56285 && [1/2] Building CXX object CMakeFiles/cmTC_56285.dir/src.cxx.o
[2/2] Linking CXX executable cmTC_56285
FAILED: cmTC_56285 
: && /usr/bin/c++ -fPIC -fvisibility-inlines-hidden -Werror=date-time -Wall -Wextra -Wno-unused-parameter -Wwrite-strings -Wcast-qual -Wno-missing-field-initializers -Wimplicit-fallthrough -Wno-noexcept-type -Wdelete-non-virtual-dtor -Wno-comment -fdiagnostics-color -DLINKER_SUPPORTS_COLOR_DIAGNOSTICS -Wl,--color-diagnostics CMakeFiles/cmTC_56285.dir/src.cxx.o -o cmTC_56285   && :
/usr/bin/ld: unrecognized option '--color-diagnostics'
/usr/bin/ld: use the --help option for usage information
collect2: error: ld returned 1 exit status
ninja: build stopped: subcommand failed.


Source file was:
int main() { return 0; }
Determining if the os_signpost_interval_begin exist failed with the following output:
Change Dir: /home/pnguyen/code/one_off_code/mlir/llvm-project/mlir/examples/paul/build/CMakeFiles/CMakeTmp

Run Build Command(s):/home/pnguyen/miniconda3/envs/mlir/bin/ninja cmTC_bfc71 && [1/2] Building C object CMakeFiles/cmTC_bfc71.dir/CheckSymbolExists.c.o
FAILED: CMakeFiles/cmTC_bfc71.dir/CheckSymbolExists.c.o 
/usr/bin/cc   -fPIC -Werror=date-time -Wall -Wextra -Wno-unused-parameter -Wwrite-strings -Wno-missing-field-initializers -Wimplicit-fallthrough -Wno-comment -fdiagnostics-color -ffunction-sections -fdata-sections -o CMakeFiles/cmTC_bfc71.dir/CheckSymbolExists.c.o -c CheckSymbolExists.c
CheckSymbolExists.c:2:10: fatal error: os/signpost.h: No such file or directory
 #include <os/signpost.h>
          ^~~~~~~~~~~~~~~
compilation terminated.
ninja: build stopped: subcommand failed.


File /home/pnguyen/code/one_off_code/mlir/llvm-project/mlir/examples/paul/build/CMakeFiles/CMakeTmp/CheckSymbolExists.c:
/* */
#include <os/signpost.h>

int main(int argc, char** argv)
{
  (void)argv;
#ifndef os_signpost_interval_begin
  return ((int*)(&os_signpost_interval_begin))[argc];
#else
  (void)argc;
  return 0;
#endif
}
